<?xml version="1.0" encoding="UTF-8"?>
<!-- Generated by org.testng.reporters.JUnitReportReporter -->
<testsuite hostname="DESKTOP-9PNVTOE" failures="0" tests="4" name="sparq.sparqAssigment.CalcTest" time="37.146" errors="0" timestamp="2023-03-02T10:13:07 IST" skipped="0">
  <testcase classname="sparq.sparqAssigment.CalcTest" name="testCase2" time="8.204"/>
  <system-out/>
  <testcase classname="sparq.sparqAssigment.CalcTest" name="testCase4" time="10.322"/>
  <system-out/>
  <testcase classname="sparq.sparqAssigment.CalcTest" name="testCase1" time="8.339"/>
  <system-out/>
  <testcase classname="sparq.sparqAssigment.CalcTest" name="testCase3" time="10.281"/>
  <system-out/>
</testsuite> <!-- sparq.sparqAssigment.CalcTest -->
